<?xml version="1.0" encoding="UTF-8" standalone="no"?>
<testsuite errors="0" failures="0" name="io.cucumber.core.plugin.JUnitFormatter" skipped="0" tests="2" time="0.221">
    <testcase classname="Amazon Search" name="Search a Product MacBoor Air" time="0.027">
        <system-out>
            <![CDATA[Given I have a search field on Amazon Page..................................passed
When I search for a product with name "Apple MacBookAir" and price 2500.....passed
Then Product with name "Apple MacBookAir" should be displayed...............passed
Then Order id is 12345 and username is "Rajeevkumar"........................passed
]]>
        </system-out>
    </testcase>
    <testcase classname="Amazon Search" name="Search a Product iPhone 12" time="0.004">
        <system-out>
            <![CDATA[Given I have a search field on Amazon Page..................................passed
When I search for a product with name "Iphone 12" and price 1200............passed
Then Product with name "Iphone 12" should be displayed......................passed
Then Order id is 707360 and username is "Sreesha"...........................passed
]]>
        </system-out>
    </testcase>
</testsuite>
