<?xml version="1.0" encoding="UTF-8"?>
<testsuite xmlns:xsi="http://www.w3.org/2001/XMLSchema-instance" xsi:noNamespaceSchemaLocation="https://maven.apache.org/surefire/maven-surefire-plugin/xsd/surefire-test-report-3.0.xsd" version="3.0" name="testRunners.OrderTest" time="0.015" tests="3" errors="0" skipped="0" failures="0">
  <properties>
[...]
</properties>
  <testcase name="check previous order Details" classname="Home Page" time="0.007">
    <system-out><![CDATA[
Scenario: check previous order Details        &amp#27;[90m# src/test/resources/AppFeatures/Order.feature:13&amp#27;[0m
  &amp#27;[32mGiven &amp#27;[0m&amp#27;[32ma registered user exists&amp#27;[0m              &amp#27;[90m# stepDefenitions.OrderSteps.a_registered_user_exists()&amp#27;[0m
  &amp#27;[32mGiven &amp#27;[0m&amp#27;[32muser is on Amazon login page&amp#27;[0m          &amp#27;[90m# stepDefenitions.OrderSteps.user_is_on_amazon_login_page()&amp#27;[0m
  &amp#27;[32mWhen &amp#27;[0m&amp#27;[32muser enters the name&amp#27;[0m                   &amp#27;[90m# stepDefenitions.OrderSteps.user_enters_the_name()&amp#27;[0m
  &amp#27;[32mAnd &amp#27;[0m&amp#27;[32muser enters the password&amp#27;[0m                &amp#27;[90m# stepDefenitions.OrderSteps.user_enters_the_password()&amp#27;[0m
  &amp#27;[32mAnd &amp#27;[0m&amp#27;[32muser clicks  on login button&amp#27;[0m            &amp#27;[90m# stepDefenitions.OrderSteps.user_clicks_on_login_button()&amp#27;[0m
  &amp#27;[32mThen &amp#27;[0m&amp#27;[32muser navigates to the order page&amp#27;[0m       &amp#27;[90m# stepDefenitions.OrderSteps.user_navigates_to_the_order_page()&amp#27;[0m
  &amp#27;[32mWhen &amp#27;[0m&amp#27;[32muser clicks on order link&amp#27;[0m              &amp#27;[90m# stepDefenitions.OrderSteps.user_clicks_on_order_link()&amp#27;[0m
  &amp#27;[32mThen &amp#27;[0m&amp#27;[32muser checks the previous order details&amp#27;[0m &amp#27;[90m# stepDefenitions.OrderSteps.user_checks_the_previous_order_details()&amp#27;[0m
]]></system-out>
  </testcase>
  <testcase name="check the open order details" classname="Home Page" time="0.004">
    <system-out><![CDATA[
Scenario: check the open order details     &amp#27;[90m# src/test/resources/AppFeatures/Order.feature:16&amp#27;[0m
  &amp#27;[32mGiven &amp#27;[0m&amp#27;[32ma registered user exists&amp#27;[0m           &amp#27;[90m# stepDefenitions.OrderSteps.a_registered_user_exists()&amp#27;[0m
  &amp#27;[32mGiven &amp#27;[0m&amp#27;[32muser is on Amazon login page&amp#27;[0m       &amp#27;[90m# stepDefenitions.OrderSteps.user_is_on_amazon_login_page()&amp#27;[0m
  &amp#27;[32mWhen &amp#27;[0m&amp#27;[32muser enters the name&amp#27;[0m                &amp#27;[90m# stepDefenitions.OrderSteps.user_enters_the_name()&amp#27;[0m
  &amp#27;[32mAnd &amp#27;[0m&amp#27;[32muser enters the password&amp#27;[0m             &amp#27;[90m# stepDefenitions.OrderSteps.user_enters_the_password()&amp#27;[0m
  &amp#27;[32mAnd &amp#27;[0m&amp#27;[32muser clicks  on login button&amp#27;[0m         &amp#27;[90m# stepDefenitions.OrderSteps.user_clicks_on_login_button()&amp#27;[0m
  &amp#27;[32mThen &amp#27;[0m&amp#27;[32muser navigates to the order page&amp#27;[0m    &amp#27;[90m# stepDefenitions.OrderSteps.user_navigates_to_the_order_page()&amp#27;[0m
  &amp#27;[32mWhen &amp#27;[0m&amp#27;[32muser clicks on open order link&amp#27;[0m      &amp#27;[90m# stepDefenitions.OrderSteps.user_clicks_on_open_order_link()&amp#27;[0m
  &amp#27;[32mThen &amp#27;[0m&amp#27;[32muser checks  the open order details&amp#27;[0m &amp#27;[90m# stepDefenitions.OrderSteps.user_cjecks_the_open_order_details()&amp#27;[0m
]]></system-out>
  </testcase>
  <testcase name="Check the cancelled order details" classname="Home Page" time="0.003">
    <system-out><![CDATA[
Scenario: Check the cancelled order details     &amp#27;[90m# src/test/resources/AppFeatures/Order.feature:19&amp#27;[0m
  &amp#27;[32mGiven &amp#27;[0m&amp#27;[32ma registered user exists&amp#27;[0m                &amp#27;[90m# stepDefenitions.OrderSteps.a_registered_user_exists()&amp#27;[0m
  &amp#27;[32mGiven &amp#27;[0m&amp#27;[32muser is on Amazon login page&amp#27;[0m            &amp#27;[90m# stepDefenitions.OrderSteps.user_is_on_amazon_login_page()&amp#27;[0m
  &amp#27;[32mWhen &amp#27;[0m&amp#27;[32muser enters the name&amp#27;[0m                     &amp#27;[90m# stepDefenitions.OrderSteps.user_enters_the_name()&amp#27;[0m
  &amp#27;[32mAnd &amp#27;[0m&amp#27;[32muser enters the password&amp#27;[0m                  &amp#27;[90m# stepDefenitions.OrderSteps.user_enters_the_password()&amp#27;[0m
  &amp#27;[32mAnd &amp#27;[0m&amp#27;[32muser clicks  on login button&amp#27;[0m              &amp#27;[90m# stepDefenitions.OrderSteps.user_clicks_on_login_button()&amp#27;[0m
  &amp#27;[32mThen &amp#27;[0m&amp#27;[32muser navigates to the order page&amp#27;[0m         &amp#27;[90m# stepDefenitions.OrderSteps.user_navigates_to_the_order_page()&amp#27;[0m
  &amp#27;[32mWhen &amp#27;[0m&amp#27;[32muser clicks on cancelled order link&amp#27;[0m      &amp#27;[90m# stepDefenitions.OrderSteps.user_clicks_on_cancelled_order_link()&amp#27;[0m
  &amp#27;[32mThen &amp#27;[0m&amp#27;[32muser checks the  cancelled order details&amp#27;[0m &amp#27;[90m# stepDefenitions.OrderSteps.user_checks_the_cancelled_order_details()&amp#27;[0m
]]></system-out>
  </testcase>
</testsuite>